# JRE version: Java(TM) SE Runtime Environment (7.0_51-b13) (build 1.7.0_51-b13)
# Java VM: Java HotSpot(TM) 64-Bit Server VM (24.51-b03 mixed mode windows-amd64 compressed oops)
Heap
 PSYoungGen      total 199168K, used 39067K [0x00000000f0000000, 0x00000000ff780000, 0x0000000100000000)
  eden space 145920K, 12% used [0x00000000f0000000,0x00000000f113fb00,0x00000000f8e80000)
  from space 53248K, 40% used [0x00000000fc380000,0x00000000fd8674f8,0x00000000ff780000)
  to   space 53760K, 0% used [0x00000000f8e80000,0x00000000f8e80000,0x00000000fc300000)
 ParOldGen       total 192000K, used 117773K [0x00000000d0000000, 0x00000000dbb80000, 0x00000000f0000000)
  object space 192000K, 61% used [0x00000000d0000000,0x00000000d73034d8,0x00000000dbb80000)
 PSPermGen       total 129024K, used 81611K [0x00000000c0000000, 0x00000000c7e00000, 0x00000000d0000000)
  object space 129024K, 63% used [0x00000000c0000000,0x00000000c4fb2ef0,0x00000000c7e00000)
GC Heap History (10 events):
Event: 30.386 GC heap before
{Heap before GC invocations=62 (full 4):
 PSYoungGen      total 194048K, used 161071K [0x00000000f0000000, 0x00000000ffc00000, 0x0000000100000000)
  eden space 130048K, 100% used [0x00000000f0000000,0x00000000f7f00000,0x00000000f7f00000)
  from space 64000K, 48% used [0x00000000f7f00000,0x00000000f9d4bce0,0x00000000fbd80000)
  to   space 62464K, 0% used [0x00000000fbf00000,0x00000000fbf00000,0x00000000ffc00000)
 ParOldGen       total 192000K, used 113797K [0x00000000d0000000, 0x00000000dbb80000, 0x00000000f0000000)
  object space 192000K, 59% used [0x00000000d0000000,0x00000000d6f21448,0x00000000dbb80000)
 PSPermGen       total 129024K, used 79431K [0x00000000c0000000, 0x00000000c7e00000, 0x00000000d0000000)
  object space 129024K, 61% used [0x00000000c0000000,0x00000000c4d91c90,0x00000000c7e00000)
Event: 30.436 GC heap after
Heap after GC invocations=62 (full 4):
 PSYoungGen      total 194048K, used 39486K [0x00000000f0000000, 0x0000000100000000, 0x0000000100000000)
  eden space 131584K, 0% used [0x00000000f0000000,0x00000000f0000000,0x00000000f8080000)
  from space 62464K, 63% used [0x00000000fbf00000,0x00000000fe58f8d0,0x00000000ffc00000)
  to   space 64000K, 0% used [0x00000000f8080000,0x00000000f8080000,0x00000000fbf00000)
 ParOldGen       total 192000K, used 113797K [0x00000000d0000000, 0x00000000dbb80000, 0x00000000f0000000)
  object space 192000K, 59% used [0x00000000d0000000,0x00000000d6f21448,0x00000000dbb80000)
 PSPermGen       total 129024K, used 79431K [0x00000000c0000000, 0x00000000c7e00000, 0x00000000d0000000)
  object space 129024K, 61% used [0x00000000c0000000,0x00000000c4d91c90,0x00000000c7e00000)
}
Event: 30.978 GC heap before
{Heap before GC invocations=63 (full 4):
 PSYoungGen      total 194048K, used 171070K [0x00000000f0000000, 0x0000000100000000, 0x0000000100000000)
  eden space 131584K, 100% used [0x00000000f0000000,0x00000000f8080000,0x00000000f8080000)
  from space 62464K, 63% used [0x00000000fbf00000,0x00000000fe58f8d0,0x00000000ffc00000)
  to   space 64000K, 0% used [0x00000000f8080000,0x00000000f8080000,0x00000000fbf00000)
 ParOldGen       total 192000K, used 113797K [0x00000000d0000000, 0x00000000dbb80000, 0x00000000f0000000)
  object space 192000K, 59% used [0x00000000d0000000,0x00000000d6f21448,0x00000000dbb80000)
 PSPermGen       total 129024K, used 79875K [0x00000000c0000000, 0x00000000c7e00000, 0x00000000d0000000)
  object space 129024K, 61% used [0x00000000c0000000,0x00000000c4e00d60,0x00000000c7e00000)
Event: 31.003 GC heap after
Heap after GC invocations=63 (full 4):
 PSYoungGen      total 195584K, used 26720K [0x00000000f0000000, 0x00000000ffa80000, 0x0000000100000000)
  eden space 131584K, 0% used [0x00000000f0000000,0x00000000f0000000,0x00000000f8080000)
  from space 64000K, 41% used [0x00000000f8080000,0x00000000f9a981f0,0x00000000fbf00000)
  to   space 60416K, 0% used [0x00000000fbf80000,0x00000000fbf80000,0x00000000ffa80000)
 ParOldGen       total 192000K, used 117085K [0x00000000d0000000, 0x00000000dbb80000, 0x00000000f0000000)
  object space 192000K, 60% used [0x00000000d0000000,0x00000000d7257498,0x00000000dbb80000)
 PSPermGen       total 129024K, used 79875K [0x00000000c0000000, 0x00000000c7e00000, 0x00000000d0000000)
  object space 129024K, 61% used [0x00000000c0000000,0x00000000c4e00d60,0x00000000c7e00000)
}
Event: 142.057 GC heap before
{Heap before GC invocations=64 (full 4):
 PSYoungGen      total 195584K, used 158304K [0x00000000f0000000, 0x00000000ffa80000, 0x0000000100000000)
  eden space 131584K, 100% used [0x00000000f0000000,0x00000000f8080000,0x00000000f8080000)
  from space 64000K, 41% used [0x00000000f8080000,0x00000000f9a981f0,0x00000000fbf00000)
  to   space 60416K, 0% used [0x00000000fbf80000,0x00000000fbf80000,0x00000000ffa80000)
 ParOldGen       total 192000K, used 117085K [0x00000000d0000000, 0x00000000dbb80000, 0x00000000f0000000)
  object space 192000K, 60% used [0x00000000d0000000,0x00000000d7257498,0x00000000dbb80000)
 PSPermGen       total 129024K, used 80875K [0x00000000c0000000, 0x00000000c7e00000, 0x00000000d0000000)
  object space 129024K, 62% used [0x00000000c0000000,0x00000000c4efaf00,0x00000000c7e00000)
Event: 142.076 GC heap after
Heap after GC invocations=64 (full 4):
 PSYoungGen      total 196608K, used 15723K [0x00000000f0000000, 0x00000000ff980000, 0x0000000100000000)
  eden space 137216K, 0% used [0x00000000f0000000,0x00000000f0000000,0x00000000f8600000)
  from space 59392K, 26% used [0x00000000fbf80000,0x00000000fcedae38,0x00000000ff980000)
  to   space 58880K, 0% used [0x00000000f8600000,0x00000000f8600000,0x00000000fbf80000)
 ParOldGen       total 192000K, used 117765K [0x00000000d0000000, 0x00000000dbb80000, 0x00000000f0000000)
  object space 192000K, 61% used [0x00000000d0000000,0x00000000d73014d8,0x00000000dbb80000)
 PSPermGen       total 129024K, used 80875K [0x00000000c0000000, 0x00000000c7e00000, 0x00000000d0000000)
  object space 129024K, 62% used [0x00000000c0000000,0x00000000c4efaf00,0x00000000c7e00000)
}
Event: 185.340 GC heap before
{Heap before GC invocations=65 (full 4):
 PSYoungGen      total 196608K, used 152939K [0x00000000f0000000, 0x00000000ff980000, 0x0000000100000000)
  eden space 137216K, 100% used [0x00000000f0000000,0x00000000f8600000,0x00000000f8600000)
  from space 59392K, 26% used [0x00000000fbf80000,0x00000000fcedae38,0x00000000ff980000)
  to   space 58880K, 0% used [0x00000000f8600000,0x00000000f8600000,0x00000000fbf80000)
 ParOldGen       total 192000K, used 117765K [0x00000000d0000000, 0x00000000dbb80000, 0x00000000f0000000)
  object space 192000K, 61% used [0x00000000d0000000,0x00000000d73014d8,0x00000000dbb80000)
 PSPermGen       total 129024K, used 81075K [0x00000000c0000000, 0x00000000c7e00000, 0x00000000d0000000)
  object space 129024K, 62% used [0x00000000c0000000,0x00000000c4f2ccc8,0x00000000c7e00000)
Event: 185.373 GC heap after
Heap after GC invocations=65 (full 4):
 PSYoungGen      total 196096K, used 19931K [0x00000000f0000000, 0x00000000ffa80000, 0x0000000100000000)
  eden space 137216K, 0% used [0x00000000f0000000,0x00000000f0000000,0x00000000f8600000)
  from space 58880K, 33% used [0x00000000f8600000,0x00000000f9976da0,0x00000000fbf80000)
  to   space 56320K, 0% used [0x00000000fc380000,0x00000000fc380000,0x00000000ffa80000)
 ParOldGen       total 192000K, used 117765K [0x00000000d0000000, 0x00000000dbb80000, 0x00000000f0000000)
  object space 192000K, 61% used [0x00000000d0000000,0x00000000d73014d8,0x00000000dbb80000)
 PSPermGen       total 129024K, used 81075K [0x00000000c0000000, 0x00000000c7e00000, 0x00000000d0000000)
  object space 129024K, 62% used [0x00000000c0000000,0x00000000c4f2ccc8,0x00000000c7e00000)
}
Event: 2157.319 GC heap before
{Heap before GC invocations=66 (full 4):
 PSYoungGen      total 196096K, used 157147K [0x00000000f0000000, 0x00000000ffa80000, 0x0000000100000000)
  eden space 137216K, 100% used [0x00000000f0000000,0x00000000f8600000,0x00000000f8600000)
  from space 58880K, 33% used [0x00000000f8600000,0x00000000f9976da0,0x00000000fbf80000)
  to   space 56320K, 0% used [0x00000000fc380000,0x00000000fc380000,0x00000000ffa80000)
 ParOldGen       total 192000K, used 117765K [0x00000000d0000000, 0x00000000dbb80000, 0x00000000f0000000)
  object space 192000K, 61% used [0x00000000d0000000,0x00000000d73014d8,0x00000000dbb80000)
 PSPermGen       total 129024K, used 81594K [0x00000000c0000000, 0x00000000c7e00000, 0x00000000d0000000)
  object space 129024K, 63% used [0x00000000c0000000,0x00000000c4faead8,0x00000000c7e00000)
Event: 2157.346 GC heap after
Heap after GC invocations=66 (full 4):
 PSYoungGen      total 199168K, used 21405K [0x00000000f0000000, 0x00000000ff780000, 0x0000000100000000)
  eden space 145920K, 0% used [0x00000000f0000000,0x00000000f0000000,0x00000000f8e80000)
  from space 53248K, 40% used [0x00000000fc380000,0x00000000fd8674f8,0x00000000ff780000)
  to   space 53760K, 0% used [0x00000000f8e80000,0x00000000f8e80000,0x00000000fc300000)
 ParOldGen       total 192000K, used 117773K [0x00000000d0000000, 0x00000000dbb80000, 0x00000000f0000000)
  object space 192000K, 61% used [0x00000000d0000000,0x00000000d73034d8,0x00000000dbb80000)
 PSPermGen       total 129024K, used 81594K [0x00000000c0000000, 0x00000000c7e00000, 0x00000000d0000000)
  object space 129024K, 63% used [0x00000000c0000000,0x00000000c4faead8,0x00000000c7e00000)
}

