# JRE version: Java(TM) SE Runtime Environment (7.0_51-b13) (build 1.7.0_51-b13)
# Java VM: Java HotSpot(TM) 64-Bit Server VM (24.51-b03 mixed mode windows-amd64 compressed oops)
Heap
 PSYoungGen      total 241664K, used 201780K [0x00000000f0000000, 0x0000000100000000, 0x0000000100000000)
  eden space 220672K, 88% used [0x00000000f0000000,0x00000000fbdb42b0,0x00000000fd780000)
  from space 20992K, 35% used [0x00000000feb80000,0x00000000ff2d8fb0,0x0000000100000000)
  to   space 20480K, 0% used [0x00000000fd780000,0x00000000fd780000,0x00000000feb80000)
 ParOldGen       total 524288K, used 58885K [0x00000000d0000000, 0x00000000f0000000, 0x00000000f0000000)
  object space 524288K, 11% used [0x00000000d0000000,0x00000000d39817f0,0x00000000f0000000)
 PSPermGen       total 262144K, used 44222K [0x00000000c0000000, 0x00000000d0000000, 0x00000000d0000000)
  object space 262144K, 16% used [0x00000000c0000000,0x00000000c2b2fbb8,0x00000000d0000000)
GC Heap History (10 events):
Event: 14.438 GC heap before
{Heap before GC invocations=12 (full 0):
 PSYoungGen      total 239616K, used 214485K [0x00000000f0000000, 0x0000000100000000, 0x0000000100000000)
  eden space 217088K, 96% used [0x00000000f0000000,0x00000000fcc929e0,0x00000000fd400000)
  from space 22528K, 22% used [0x00000000fd400000,0x00000000fd8e2d20,0x00000000fea00000)
  to   space 22528K, 0% used [0x00000000fea00000,0x00000000fea00000,0x0000000100000000)
 ParOldGen       total 524288K, used 32083K [0x00000000d0000000, 0x00000000f0000000, 0x00000000f0000000)
  object space 524288K, 6% used [0x00000000d0000000,0x00000000d1f54c48,0x00000000f0000000)
 PSPermGen       total 262144K, used 33919K [0x00000000c0000000, 0x00000000d0000000, 0x00000000d0000000)
  object space 262144K, 12% used [0x00000000c0000000,0x00000000c211fe60,0x00000000d0000000)
Event: 14.447 GC heap after
Heap after GC invocations=12 (full 0):
 PSYoungGen      total 238592K, used 3332K [0x00000000f0000000, 0x0000000100000000, 0x0000000100000000)
  eden space 216064K, 0% used [0x00000000f0000000,0x00000000f0000000,0x00000000fd300000)
  from space 22528K, 14% used [0x00000000fea00000,0x00000000fed41370,0x0000000100000000)
  to   space 23040K, 0% used [0x00000000fd300000,0x00000000fd300000,0x00000000fe980000)
 ParOldGen       total 524288K, used 35673K [0x00000000d0000000, 0x00000000f0000000, 0x00000000f0000000)
  object space 524288K, 6% used [0x00000000d0000000,0x00000000d22d6420,0x00000000f0000000)
 PSPermGen       total 262144K, used 33919K [0x00000000c0000000, 0x00000000d0000000, 0x00000000d0000000)
  object space 262144K, 12% used [0x00000000c0000000,0x00000000c211fe60,0x00000000d0000000)
}
Event: 15.516 GC heap before
{Heap before GC invocations=13 (full 0):
 PSYoungGen      total 238592K, used 219396K [0x00000000f0000000, 0x0000000100000000, 0x0000000100000000)
  eden space 216064K, 100% used [0x00000000f0000000,0x00000000fd300000,0x00000000fd300000)
  from space 22528K, 14% used [0x00000000fea00000,0x00000000fed41370,0x0000000100000000)
  to   space 23040K, 0% used [0x00000000fd300000,0x00000000fd300000,0x00000000fe980000)
 ParOldGen       total 524288K, used 35673K [0x00000000d0000000, 0x00000000f0000000, 0x00000000f0000000)
  object space 524288K, 6% used [0x00000000d0000000,0x00000000d22d6420,0x00000000f0000000)
 PSPermGen       total 262144K, used 36562K [0x00000000c0000000, 0x00000000d0000000, 0x00000000d0000000)
  object space 262144K, 13% used [0x00000000c0000000,0x00000000c23b4918,0x00000000d0000000)
Event: 15.533 GC heap after
Heap after GC invocations=13 (full 0):
 PSYoungGen      total 239104K, used 8784K [0x00000000f0000000, 0x0000000100000000, 0x0000000100000000)
  eden space 216064K, 0% used [0x00000000f0000000,0x00000000f0000000,0x00000000fd300000)
  from space 23040K, 38% used [0x00000000fd300000,0x00000000fdb94238,0x00000000fe980000)
  to   space 22016K, 0% used [0x00000000fea80000,0x00000000fea80000,0x0000000100000000)
 ParOldGen       total 524288K, used 37910K [0x00000000d0000000, 0x00000000f0000000, 0x00000000f0000000)
  object space 524288K, 7% used [0x00000000d0000000,0x00000000d2505b38,0x00000000f0000000)
 PSPermGen       total 262144K, used 36562K [0x00000000c0000000, 0x00000000d0000000, 0x00000000d0000000)
  object space 262144K, 13% used [0x00000000c0000000,0x00000000c23b4918,0x00000000d0000000)
}
Event: 16.362 GC heap before
{Heap before GC invocations=14 (full 0):
 PSYoungGen      total 239104K, used 224848K [0x00000000f0000000, 0x0000000100000000, 0x0000000100000000)
  eden space 216064K, 100% used [0x00000000f0000000,0x00000000fd300000,0x00000000fd300000)
  from space 23040K, 38% used [0x00000000fd300000,0x00000000fdb94238,0x00000000fe980000)
  to   space 22016K, 0% used [0x00000000fea80000,0x00000000fea80000,0x0000000100000000)
 ParOldGen       total 524288K, used 37910K [0x00000000d0000000, 0x00000000f0000000, 0x00000000f0000000)
  object space 524288K, 7% used [0x00000000d0000000,0x00000000d2505b38,0x00000000f0000000)
 PSPermGen       total 262144K, used 38840K [0x00000000c0000000, 0x00000000d0000000, 0x00000000d0000000)
  object space 262144K, 14% used [0x00000000c0000000,0x00000000c25ee020,0x00000000d0000000)
Event: 16.378 GC heap after
Heap after GC invocations=14 (full 0):
 PSYoungGen      total 240640K, used 7305K [0x00000000f0000000, 0x0000000100000000, 0x0000000100000000)
  eden space 218624K, 0% used [0x00000000f0000000,0x00000000f0000000,0x00000000fd580000)
  from space 22016K, 33% used [0x00000000fea80000,0x00000000ff1a26a8,0x0000000100000000)
  to   space 21504K, 0% used [0x00000000fd580000,0x00000000fd580000,0x00000000fea80000)
 ParOldGen       total 524288K, used 45532K [0x00000000d0000000, 0x00000000f0000000, 0x00000000f0000000)
  object space 524288K, 8% used [0x00000000d0000000,0x00000000d2c77080,0x00000000f0000000)
 PSPermGen       total 262144K, used 38840K [0x00000000c0000000, 0x00000000d0000000, 0x00000000d0000000)
  object space 262144K, 14% used [0x00000000c0000000,0x00000000c25ee020,0x00000000d0000000)
}
Event: 17.253 GC heap before
{Heap before GC invocations=15 (full 0):
 PSYoungGen      total 240640K, used 224807K [0x00000000f0000000, 0x0000000100000000, 0x0000000100000000)
  eden space 218624K, 99% used [0x00000000f0000000,0x00000000fd467830,0x00000000fd580000)
  from space 22016K, 33% used [0x00000000fea80000,0x00000000ff1a26a8,0x0000000100000000)
  to   space 21504K, 0% used [0x00000000fd580000,0x00000000fd580000,0x00000000fea80000)
 ParOldGen       total 524288K, used 45532K [0x00000000d0000000, 0x00000000f0000000, 0x00000000f0000000)
  object space 524288K, 8% used [0x00000000d0000000,0x00000000d2c77080,0x00000000f0000000)
 PSPermGen       total 262144K, used 41852K [0x00000000c0000000, 0x00000000d0000000, 0x00000000d0000000)
  object space 262144K, 15% used [0x00000000c0000000,0x00000000c28df150,0x00000000d0000000)
Event: 17.280 GC heap after
Heap after GC invocations=15 (full 0):
 PSYoungGen      total 240128K, used 8109K [0x00000000f0000000, 0x0000000100000000, 0x0000000100000000)
  eden space 218624K, 0% used [0x00000000f0000000,0x00000000f0000000,0x00000000fd580000)
  from space 21504K, 37% used [0x00000000fd580000,0x00000000fdd6b5e8,0x00000000fea80000)
  to   space 20992K, 0% used [0x00000000feb80000,0x00000000feb80000,0x0000000100000000)
 ParOldGen       total 524288K, used 51366K [0x00000000d0000000, 0x00000000f0000000, 0x00000000f0000000)
  object space 524288K, 9% used [0x00000000d0000000,0x00000000d3229930,0x00000000f0000000)
 PSPermGen       total 262144K, used 41852K [0x00000000c0000000, 0x00000000d0000000, 0x00000000d0000000)
  object space 262144K, 15% used [0x00000000c0000000,0x00000000c28df150,0x00000000d0000000)
}
Event: 165.756 GC heap before
{Heap before GC invocations=16 (full 0):
 PSYoungGen      total 240128K, used 226733K [0x00000000f0000000, 0x0000000100000000, 0x0000000100000000)
  eden space 218624K, 100% used [0x00000000f0000000,0x00000000fd580000,0x00000000fd580000)
  from space 21504K, 37% used [0x00000000fd580000,0x00000000fdd6b5e8,0x00000000fea80000)
  to   space 20992K, 0% used [0x00000000feb80000,0x00000000feb80000,0x0000000100000000)
 ParOldGen       total 524288K, used 51366K [0x00000000d0000000, 0x00000000f0000000, 0x00000000f0000000)
  object space 524288K, 9% used [0x00000000d0000000,0x00000000d3229930,0x00000000f0000000)
 PSPermGen       total 262144K, used 43863K [0x00000000c0000000, 0x00000000d0000000, 0x00000000d0000000)
  object space 262144K, 16% used [0x00000000c0000000,0x00000000c2ad5ed8,0x00000000d0000000)
Event: 165.773 GC heap after
Heap after GC invocations=16 (full 0):
 PSYoungGen      total 241664K, used 7523K [0x00000000f0000000, 0x0000000100000000, 0x0000000100000000)
  eden space 220672K, 0% used [0x00000000f0000000,0x00000000f0000000,0x00000000fd780000)
  from space 20992K, 35% used [0x00000000feb80000,0x00000000ff2d8fb0,0x0000000100000000)
  to   space 20480K, 0% used [0x00000000fd780000,0x00000000fd780000,0x00000000feb80000)
 ParOldGen       total 524288K, used 58885K [0x00000000d0000000, 0x00000000f0000000, 0x00000000f0000000)
  object space 524288K, 11% used [0x00000000d0000000,0x00000000d39817f0,0x00000000f0000000)
 PSPermGen       total 262144K, used 43863K [0x00000000c0000000, 0x00000000d0000000, 0x00000000d0000000)
  object space 262144K, 16% used [0x00000000c0000000,0x00000000c2ad5ed8,0x00000000d0000000)
}

